#
# A fatal error has been detected by the Java Runtime Environment:
#
#  SIGBUS (0x7) at pc=0x00007f22e80c3653, pid=11629, tid=139787909850880
#
# JRE version: 6.0_27-b27
# Java VM: OpenJDK 64-Bit Server VM (20.0-b12 mixed mode linux-amd64 compressed oops)
# Derivative: IcedTea6 1.12.3
# Distribution: Ubuntu 12.04 LTS, package 6b27-1.12.3-0ubuntu1~12.04.1
# Problematic frame:
# C  [libc.so.6+0x148653]  __nss_hosts_lookup+0x16d13
#
# If you would like to submit a bug report, please include
# instructions how to reproduce the bug and visit:
#   https://bugs.launchpad.net/ubuntu/+source/openjdk-6/
# The crash happened outside the Java Virtual Machine in native code.
# See problematic frame for where to report the bug.
#

---------------  T H R E A D  ---------------

Current thread (0x00007f22e000e000):  JavaThread "main" [_thread_in_native, id=11630, stack(0x00007f22e8a5e000,0x00007f22e8b5f000)]

siginfo:si_signo=SIGBUS: si_errno=0, si_code=2 (BUS_ADRERR), si_addr=0x00007f22cff4e000

Registers:
RAX=0x00007f22e05b1580, RBX=0x00007f22cff4d756, RCX=0x0000000000008000, RDX=0x0000000000002655
RSP=0x00007f22e8b5a838, RBP=0x00007f22e8b5a880, RSI=0x00007f22cff4df94, RDI=0x00007f22e05b1d90
R8 =0x00007f22e05b1580, R9 =0x00007f22e80c3630, R10=0x00007f22dd066cf8, R11=0x00007f22e80fe950
R12=0x00007f22e060cbc0, R13=0x0000000000006d65, R14=0x00007f22e05b1580, R15=0x0000000000002f65
RIP=0x00007f22e80c3653, EFLAGS=0x0000000000010206, CSGSFS=0xdca3000000000033, ERR=0x0000000000000004
  TRAPNO=0x000000000000000e

Top of Stack: (sp=0x00007f22e8b5a838)
0x00007f22e8b5a838:   00007f22e590265f 00007f22e8b5a860
0x00007f22e8b5a848:   65726122e77bf3f1 00007f22e03427e0
0x00007f22e8b5a858:   00007f22e03427e0 0000000007f26a96
0x00007f22e8b5a868:   00007f22e8b5a8f0 000000000000000c
0x00007f22e8b5a878:   00007f22e03429a4 00007f22e8b5a8d0
0x00007f22e8b5a888:   00007f22e5902dea 00007f22e000e000
0x00007f22e8b5a898:   00007f22e0184840 00007f22e000e000
0x00007f22e8b5a8a8:   00007f22e000e1d0 00007f22e8b5a8f0
0x00007f22e8b5a8b8:   000000000000000c 00007f22e8b5ad48
0x00007f22e8b5a8c8:   00007f22e8b5a8f0 00007f22e8b5ad30
0x00007f22e8b5a8d8:   00007f22e590145c 0000000c01b5a970
0x00007f22e8b5a8e8:   00007f22e03427e0 6e65706f2f67726f
0x00007f22e8b5a8f8:   00007f002f73726d 0000000786600370
0x00007f22e8b5a908:   00000007dc141f78 00007f2200001fa0
0x00007f22e8b5a918:   00007f22dd0003af 00007f22e8b5aac0
0x00007f22e8b5a928:   00007f22e8b5ac50 00007f22e000e000
0x00007f22e8b5a938:   00007f22e000eec0 00007f22e8b5a9b0
0x00007f22e8b5a948:   00007f22e8b5ac58 00007f22e8b5ac50
0x00007f22e8b5a958:   00007f22e000e000 00007f22e8b5ac50
0x00007f22e8b5a968:   00007f22e8b5aac0 00007f22e8b5aa50
0x00007f22e8b5a978:   00007f22e764b366 00007f0100000002
0x00007f22e8b5a988:   00007f22e000e000 00007f2200000c00
0x00007f22e8b5a998:   00007f2200000002 00007f22dd038220
0x00007f22e8b5a9a8:   01007f220000000c 00007f22e000e000
0x00007f22e8b5a9b8:   00007f22e02eedf0 000000077c00fa68
0x00007f22e8b5a9c8:   00000007dc141f78 00007f22e8b5adf0
0x00007f22e8b5a9d8:   00007f22dd0852ec 0000000000000000
0x00007f22e8b5a9e8:   00007f22e8b5ac50 00007f22e000e000
0x00007f22e8b5a9f8:   00007f22e000b890 00007f22e000ee40
0x00007f22e8b5aa08:   00007f22e000eed0 00007f22e000f228
0x00007f22e8b5aa18:   00007f22e8b5b040 6f6d2f657e772aa8
0x00007f22e8b5aa28:   00007f22e000e000 00007f22e000eec0 

Instructions: (pc=0x00007f22e80c3653)
0x00007f22e80c3633:   80 00 00 00 0f 28 4e fc 0f 28 56 0c 0f 28 5e 1c
0x00007f22e80c3643:   0f 28 66 2c 0f 28 6e 3c 0f 28 76 4c 0f 28 7e 5c
0x00007f22e80c3653:   44 0f 28 46 6c 44 0f 28 4e 7c 48 8d b6 80 00 00
0x00007f22e80c3663:   00 66 45 0f 3a 0f c8 04 44 0f 29 4f 70 66 44 0f 

Register to memory mapping:

RAX=0x00007f22e05b1580 is an unknown value
RBX=0x00007f22cff4d756 is an unknown value
RCX=0x0000000000008000 is an unknown value
RDX=0x0000000000002655 is an unknown value
RSP=0x00007f22e8b5a838 is pointing into the stack for thread: 0x00007f22e000e000
RBP=0x00007f22e8b5a880 is pointing into the stack for thread: 0x00007f22e000e000
RSI=0x00007f22cff4df94 is an unknown value
RDI=0x00007f22e05b1d90 is an unknown value
R8 =0x00007f22e05b1580 is an unknown value
R9 =0x00007f22e80c3630: <offset 0x148630> in /lib/x86_64-linux-gnu/libc.so.6 at 0x00007f22e7f7b000
R10=0x00007f22dd066b10 [CodeBlob (0x00007f22dd066b10)]
Framesize: 10
R11=0x00007f22e80fe950: <offset 0x183950> in /lib/x86_64-linux-gnu/libc.so.6 at 0x00007f22e7f7b000
R12=0x00007f22e060cbc0 is an unknown value
R13=0x0000000000006d65 is an unknown value
R14=0x00007f22e05b1580 is an unknown value
R15=0x0000000000002f65 is an unknown value


Stack: [0x00007f22e8a5e000,0x00007f22e8b5f000],  sp=0x00007f22e8b5a838,  free space=1010k
Native frames: (J=compiled Java code, j=interpreted, Vv=VM code, C=native code)
C  [libc.so.6+0x148653]  __nss_hosts_lookup+0x16d13
C  [libzip.so+0x4dea]  ZIP_GetEntry+0xba
C  [libzip.so+0x345c]  Java_java_util_zip_ZipFile_getEntry+0xcc
J  java.util.zip.ZipFile.getEntry(JLjava/lang/String;Z)J

Java frames: (J=compiled Java code, j=interpreted, Vv=VM code)
J  java.util.zip.ZipFile.getEntry(JLjava/lang/String;Z)J
J  java.util.jar.JarFile.getEntry(Ljava/lang/String;)Ljava/util/zip/ZipEntry;
J  sun.misc.URLClassPath$JarLoader.getResource(Ljava/lang/String;Z)Lsun/misc/Resource;
J  sun.misc.URLClassPath$1.next()Z
j  sun.misc.URLClassPath$1.hasMoreElements()Z+1
j  java.net.URLClassLoader$3$1.run()Ljava/lang/Object;+7
v  ~StubRoutines::call_stub
J  java.security.AccessController.doPrivileged(Ljava/security/PrivilegedAction;Ljava/security/AccessControlContext;)Ljava/lang/Object;
j  java.net.URLClassLoader$3.next()Z+24
j  java.net.URLClassLoader$3.hasMoreElements()Z+1
j  sun.misc.CompoundEnumeration.next()Z+33
j  sun.misc.CompoundEnumeration.hasMoreElements()Z+1
j  sun.misc.CompoundEnumeration.next()Z+33
j  sun.misc.CompoundEnumeration.hasMoreElements()Z+1
j  org.openmrs.util.OpenmrsClassLoader.getResources(Ljava/lang/String;)Ljava/util/Enumeration;+94
j  org.springframework.core.io.support.PathMatchingResourcePatternResolver.findAllClassPathResources(Ljava/lang/String;)[Lorg/springframework/core/io/Resource;+22
j  org.springframework.core.io.support.PathMatchingResourcePatternResolver.getResources(Ljava/lang/String;)[Lorg/springframework/core/io/Resource;+52
j  org.springframework.core.io.support.PathMatchingResourcePatternResolver.findPathMatchingResources(Ljava/lang/String;)[Lorg/springframework/core/io/Resource;+17
j  org.springframework.core.io.support.PathMatchingResourcePatternResolver.getResources(Ljava/lang/String;)[Lorg/springframework/core/io/Resource;+38
j  org.springframework.context.support.AbstractApplicationContext.getResources(Ljava/lang/String;)[Lorg/springframework/core/io/Resource;+5
j  org.springframework.context.support.GenericApplicationContext.getResources(Ljava/lang/String;)[Lorg/springframework/core/io/Resource;+26
j  org.springframework.context.annotation.ClassPathScanningCandidateComponentProvider.findCandidateComponents(Ljava/lang/String;)Ljava/util/Set;+46
j  org.springframework.context.annotation.ClassPathBeanDefinitionScanner.doScan([Ljava/lang/String;)Ljava/util/Set;+29
j  org.springframework.context.annotation.ComponentScanBeanDefinitionParser.parse(Lorg/w3c/dom/Element;Lorg/springframework/beans/factory/xml/ParserContext;)Lorg/springframework/beans/factory/config/BeanDefinition;+25
j  org.springframework.beans.factory.xml.NamespaceHandlerSupport.parse(Lorg/w3c/dom/Element;Lorg/springframework/beans/factory/xml/ParserContext;)Lorg/springframework/beans/factory/config/BeanDefinition;+8
j  org.springframework.beans.factory.xml.BeanDefinitionParserDelegate.parseCustomElement(Lorg/w3c/dom/Element;Lorg/springframework/beans/factory/config/BeanDefinition;)Lorg/springframework/beans/factory/config/BeanDefinition;+72
j  org.springframework.beans.factory.xml.BeanDefinitionParserDelegate.parseCustomElement(Lorg/w3c/dom/Element;)Lorg/springframework/beans/factory/config/BeanDefinition;+3
j  org.springframework.beans.factory.xml.DefaultBeanDefinitionDocumentReader.parseBeanDefinitions(Lorg/w3c/dom/Element;Lorg/springframework/beans/factory/xml/BeanDefinitionParserDelegate;)V+68
j  org.springframework.beans.factory.xml.DefaultBeanDefinitionDocumentReader.registerBeanDefinitions(Lorg/w3c/dom/Document;Lorg/springframework/beans/factory/xml/XmlReaderContext;)V+40
j  org.springframework.beans.factory.xml.XmlBeanDefinitionReader.registerBeanDefinitions(Lorg/w3c/dom/Document;Lorg/springframework/core/io/Resource;)I+23
j  org.springframework.beans.factory.xml.XmlBeanDefinitionReader.doLoadBeanDefinitions(Lorg/xml/sax/InputSource;Lorg/springframework/core/io/Resource;)I+35
j  org.springframework.beans.factory.xml.XmlBeanDefinitionReader.loadBeanDefinitions(Lorg/springframework/core/io/support/EncodedResource;)I+162
j  org.springframework.beans.factory.xml.XmlBeanDefinitionReader.loadBeanDefinitions(Lorg/springframework/core/io/Resource;)I+9
j  org.springframework.beans.factory.support.AbstractBeanDefinitionReader.loadBeanDefinitions([Lorg/springframework/core/io/Resource;)I+30
j  org.springframework.beans.factory.support.AbstractBeanDefinitionReader.loadBeanDefinitions(Ljava/lang/String;Ljava/util/Set;)I+60
j  org.springframework.beans.factory.support.AbstractBeanDefinitionReader.loadBeanDefinitions(Ljava/lang/String;)I+3
j  org.springframework.beans.factory.support.AbstractBeanDefinitionReader.loadBeanDefinitions([Ljava/lang/String;)I+30
j  org.springframework.test.context.support.AbstractGenericContextLoader.loadContext([Ljava/lang/String;)Lorg/springframework/context/ConfigurableApplicationContext;+70
j  org.springframework.test.context.support.AbstractGenericContextLoader.loadContext([Ljava/lang/String;)Lorg/springframework/context/ApplicationContext;+2
j  org.springframework.test.context.TestContext.loadApplicationContext()Lorg/springframework/context/ApplicationContext;+28
j  org.springframework.test.context.TestContext.getApplicationContext()Lorg/springframework/context/ApplicationContext;+28
j  org.springframework.test.context.support.DependencyInjectionTestExecutionListener.injectDependencies(Lorg/springframework/test/context/TestContext;)V+6
j  org.springframework.test.context.support.DependencyInjectionTestExecutionListener.prepareTestInstance(Lorg/springframework/test/context/TestContext;)V+42
j  org.springframework.test.context.TestContextManager.prepareTestInstance(Ljava/lang/Object;)V+87
j  org.springframework.test.context.junit4.SpringJUnit4ClassRunner.createTest()Ljava/lang/Object;+10
j  org.springframework.test.context.junit4.SpringJUnit4ClassRunner$1.runReflectiveCall()Ljava/lang/Object;+4
j  org.junit.internal.runners.model.ReflectiveCallable.run()Ljava/lang/Object;+1
j  org.springframework.test.context.junit4.SpringJUnit4ClassRunner.methodBlock(Lorg/junit/runners/model/FrameworkMethod;)Lorg/junit/runners/model/Statement;+8
j  org.springframework.test.context.junit4.SpringJUnit4ClassRunner.runChild(Lorg/junit/runners/model/FrameworkMethod;Lorg/junit/runner/notification/RunNotifier;)V+26
j  org.junit.runners.BlockJUnit4ClassRunner.runChild(Ljava/lang/Object;Lorg/junit/runner/notification/RunNotifier;)V+6
j  org.junit.runners.ParentRunner$3.run()V+12
j  org.junit.runners.ParentRunner$1.schedule(Ljava/lang/Runnable;)V+1
j  org.junit.runners.ParentRunner.runChildren(Lorg/junit/runner/notification/RunNotifier;)V+40
j  org.junit.runners.ParentRunner.access$000(Lorg/junit/runners/ParentRunner;Lorg/junit/runner/notification/RunNotifier;)V+2
j  org.junit.runners.ParentRunner$2.evaluate()V+8
j  org.springframework.test.context.junit4.statements.RunBeforeTestClassCallbacks.evaluate()V+11
j  org.junit.internal.runners.statements.RunAfters.evaluate()V+18
j  org.springframework.test.context.junit4.statements.RunAfterTestClassCallbacks.evaluate()V+12
j  org.junit.runners.ParentRunner.run(Lorg/junit/runner/notification/RunNotifier;)V+20
j  org.springframework.test.context.junit4.SpringJUnit4ClassRunner.run(Lorg/junit/runner/notification/RunNotifier;)V+24
j  org.junit.runners.Suite.runChild(Lorg/junit/runner/Runner;Lorg/junit/runner/notification/RunNotifier;)V+2
j  org.junit.runners.Suite.runChild(Ljava/lang/Object;Lorg/junit/runner/notification/RunNotifier;)V+6
j  org.junit.runners.ParentRunner$3.run()V+12
j  org.junit.runners.ParentRunner$1.schedule(Ljava/lang/Runnable;)V+1
j  org.junit.runners.ParentRunner.runChildren(Lorg/junit/runner/notification/RunNotifier;)V+40
j  org.junit.runners.ParentRunner.access$000(Lorg/junit/runners/ParentRunner;Lorg/junit/runner/notification/RunNotifier;)V+2
j  org.junit.runners.ParentRunner$2.evaluate()V+8
j  org.junit.runners.ParentRunner.run(Lorg/junit/runner/notification/RunNotifier;)V+20
j  org.junit.runner.JUnitCore.run(Lorg/junit/runner/Runner;)Lorg/junit/runner/Result;+37
j  com.intellij.junit4.JUnit4IdeaTestRunner.startRunnerWithArgs([Ljava/lang/String;Ljava/util/ArrayList;Z)I+171
j  com.intellij.rt.execution.junit.JUnitStarter.prepareStreamsAndStart([Ljava/lang/String;ZLjava/util/ArrayList;Lcom/intellij/rt/execution/junit/segments/SegmentedOutputStream;Lcom/intellij/rt/execution/junit/segments/SegmentedOutputStream;)I+97
j  com.intellij.rt.execution.junit.JUnitStarter.main([Ljava/lang/String;)V+133
v  ~StubRoutines::call_stub
j  sun.reflect.NativeMethodAccessorImpl.invoke0(Ljava/lang/reflect/Method;Ljava/lang/Object;[Ljava/lang/Object;)Ljava/lang/Object;+0
j  sun.reflect.NativeMethodAccessorImpl.invoke(Ljava/lang/Object;[Ljava/lang/Object;)Ljava/lang/Object;+87
j  sun.reflect.DelegatingMethodAccessorImpl.invoke(Ljava/lang/Object;[Ljava/lang/Object;)Ljava/lang/Object;+6
j  java.lang.reflect.Method.invoke(Ljava/lang/Object;[Ljava/lang/Object;)Ljava/lang/Object;+161
j  com.intellij.rt.execution.application.AppMain.main([Ljava/lang/String;)V+140
v  ~StubRoutines::call_stub

---------------  P R O C E S S  ---------------

Java Threads: ( => current thread )
  0x00007f22e0162800 JavaThread "Monitor Ctrl-Break" daemon [_thread_in_native, id=11643, stack(0x00007f22dc515000,0x00007f22dc616000)]
  0x00007f22e00a4800 JavaThread "Low Memory Detector" daemon [_thread_blocked, id=11641, stack(0x00007f22e4004000,0x00007f22e4105000)]
  0x00007f22e00a2000 JavaThread "C2 CompilerThread1" daemon [_thread_in_native, id=11640, stack(0x00007f22e4105000,0x00007f22e4206000)]
  0x00007f22e009f000 JavaThread "C2 CompilerThread0" daemon [_thread_blocked, id=11639, stack(0x00007f22e4206000,0x00007f22e4307000)]
  0x00007f22e009d800 JavaThread "Signal Dispatcher" daemon [_thread_blocked, id=11638, stack(0x00007f22e4307000,0x00007f22e4408000)]
  0x00007f22e007e800 JavaThread "Finalizer" daemon [_thread_blocked, id=11637, stack(0x00007f22e4408000,0x00007f22e4509000)]
  0x00007f22e007c800 JavaThread "Reference Handler" daemon [_thread_blocked, id=11636, stack(0x00007f22e4509000,0x00007f22e460a000)]
=>0x00007f22e000e000 JavaThread "main" [_thread_in_native, id=11630, stack(0x00007f22e8a5e000,0x00007f22e8b5f000)]

Other Threads:
  0x00007f22e0077800 VMThread [stack: 0x00007f22e460a000,0x00007f22e470b000] [id=11635]
  0x00007f22e00af000 WatcherThread [stack: 0x00007f22dc818000,0x00007f22dc919000] [id=11642]

VM state:not at safepoint (normal execution)

VM Mutex/Monitor currently owned by a thread: None

Heap
 PSYoungGen      total 205440K, used 77465K [0x00000007d7760000, 0x00000007f0280000, 0x0000000800000000)
  eden space 204992K, 37% used [0x00000007d7760000,0x00000007dc2a3630,0x00000007e3f90000)
  from space 448K, 88% used [0x00000007f0210000,0x00000007f0273138,0x00000007f0280000)
  to   space 640K, 0% used [0x00000007f0140000,0x00000007f0140000,0x00000007f01e0000)
 PSOldGen        total 88960K, used 84595K [0x0000000786600000, 0x000000078bce0000, 0x00000007d7760000)
  object space 88960K, 95% used [0x0000000786600000,0x000000078b89cd08,0x000000078bce0000)
 PSPermGen       total 81024K, used 40499K [0x000000077c000000, 0x0000000780f20000, 0x0000000786600000)
  object space 81024K, 49% used [0x000000077c000000,0x000000077e78cc68,0x0000000780f20000)

Code Cache  [0x00007f22dd000000, 0x00007f22dd7d0000, 0x00007f22e0000000)
 total_blobs=2079 nmethods=1773 adapters=259 free_code_cache=42257216 largest_free_block=18752

Dynamic libraries:
00400000-00409000 r-xp 00000000 08:01 9183885                            /usr/lib/jvm/java-6-openjdk-amd64/jre/bin/java
00608000-00609000 r--p 00008000 08:01 9183885                            /usr/lib/jvm/java-6-openjdk-amd64/jre/bin/java
00609000-0060a000 rw-p 00009000 08:01 9183885                            /usr/lib/jvm/java-6-openjdk-amd64/jre/bin/java
02191000-021b2000 rw-p 00000000 00:00 0                                  [heap]
77c000000-780f20000 rw-p 00000000 00:00 0 
780f20000-786600000 rw-p 00000000 00:00 0 
786600000-78bce0000 rw-p 00000000 00:00 0 
78bce0000-7d7760000 rw-p 00000000 00:00 0 
7d7760000-7f0280000 rw-p 00000000 00:00 0 
7f0280000-7f14a0000 ---p 00000000 00:00 0 
7f14a0000-800000000 rw-p 00000000 00:00 0 
7f22a0000000-7f22a0021000 rw-p 00000000 00:00 0 
7f22a0021000-7f22a4000000 ---p 00000000 00:00 0 
7f22a8000000-7f22a8021000 rw-p 00000000 00:00 0 
7f22a8021000-7f22ac000000 ---p 00000000 00:00 0 
7f22ac000000-7f22ac021000 rw-p 00000000 00:00 0 
7f22ac021000-7f22b0000000 ---p 00000000 00:00 0 
7f22b0000000-7f22b3f95000 rw-p 00000000 00:00 0 
7f22b3f95000-7f22b4000000 ---p 00000000 00:00 0 
7f22b4000000-7f22b76a7000 rw-p 00000000 00:00 0 
7f22b76a7000-7f22b8000000 ---p 00000000 00:00 0 
7f22b8000000-7f22b8021000 rw-p 00000000 00:00 0 
7f22b8021000-7f22bc000000 ---p 00000000 00:00 0 
7f22bc000000-7f22bc021000 rw-p 00000000 00:00 0 
7f22bc021000-7f22c0000000 ---p 00000000 00:00 0 
7f22c0000000-7f22c002f000 rw-p 00000000 00:00 0 
7f22c002f000-7f22c4000000 ---p 00000000 00:00 0 
7f22c4000000-7f22c4021000 rw-p 00000000 00:00 0 
7f22c4021000-7f22c8000000 ---p 00000000 00:00 0 
7f22c8000000-7f22c802b000 rw-p 00000000 00:00 0 
7f22c802b000-7f22cc000000 ---p 00000000 00:00 0 
7f22ce81c000-7f22ce821000 r-xp 00000000 08:01 5905299                    /usr/lib/x86_64-linux-gnu/libXdmcp.so.6.0.0
7f22ce821000-7f22cea20000 ---p 00005000 08:01 5905299                    /usr/lib/x86_64-linux-gnu/libXdmcp.so.6.0.0
7f22cea20000-7f22cea21000 r--p 00004000 08:01 5905299                    /usr/lib/x86_64-linux-gnu/libXdmcp.so.6.0.0
7f22cea21000-7f22cea22000 rw-p 00005000 08:01 5905299                    /usr/lib/x86_64-linux-gnu/libXdmcp.so.6.0.0
7f22cea22000-7f22cea24000 r-xp 00000000 08:01 5905288                    /usr/lib/x86_64-linux-gnu/libXau.so.6.0.0
7f22cea24000-7f22cec23000 ---p 00002000 08:01 5905288                    /usr/lib/x86_64-linux-gnu/libXau.so.6.0.0
7f22cec23000-7f22cec24000 r--p 00001000 08:01 5905288                    /usr/lib/x86_64-linux-gnu/libXau.so.6.0.0
7f22cec24000-7f22cec25000 rw-p 00002000 08:01 5905288                    /usr/lib/x86_64-linux-gnu/libXau.so.6.0.0
7f22cec25000-7f22cec42000 r-xp 00000000 08:01 5899665                    /usr/lib/x86_64-linux-gnu/libxcb.so.1.1.0
7f22cec42000-7f22cee41000 ---p 0001d000 08:01 5899665                    /usr/lib/x86_64-linux-gnu/libxcb.so.1.1.0
7f22cee41000-7f22cee42000 r--p 0001c000 08:01 5899665                    /usr/lib/x86_64-linux-gnu/libxcb.so.1.1.0
7f22cee42000-7f22cee43000 rw-p 0001d000 08:01 5899665                    /usr/lib/x86_64-linux-gnu/libxcb.so.1.1.0
7f22cee43000-7f22cee51000 r-xp 00000000 08:01 5905307                    /usr/lib/x86_64-linux-gnu/libXi.so.6.1.0
7f22cee51000-7f22cf050000 ---p 0000e000 08:01 5905307                    /usr/lib/x86_64-linux-gnu/libXi.so.6.1.0
7f22cf050000-7f22cf051000 r--p 0000d000 08:01 5905307                    /usr/lib/x86_64-linux-gnu/libXi.so.6.1.0
7f22cf051000-7f22cf052000 rw-p 0000e000 08:01 5905307                    /usr/lib/x86_64-linux-gnu/libXi.so.6.1.0
7f22cf052000-7f22cf057000 r-xp 00000000 08:01 5905325                    /usr/lib/x86_64-linux-gnu/libXtst.so.6.1.0
7f22cf057000-7f22cf256000 ---p 00005000 08:01 5905325                    /usr/lib/x86_64-linux-gnu/libXtst.so.6.1.0
7f22cf256000-7f22cf257000 r--p 00004000 08:01 5905325                    /usr/lib/x86_64-linux-gnu/libXtst.so.6.1.0
7f22cf257000-7f22cf258000 rw-p 00005000 08:01 5905325                    /usr/lib/x86_64-linux-gnu/libXtst.so.6.1.0
7f22cf258000-7f22cf261000 r-xp 00000000 08:01 5905321                    /usr/lib/x86_64-linux-gnu/libXrender.so.1.3.0
7f22cf261000-7f22cf460000 ---p 00009000 08:01 5905321                    /usr/lib/x86_64-linux-gnu/libXrender.so.1.3.0
7f22cf460000-7f22cf461000 r--p 00008000 08:01 5905321                    /usr/lib/x86_64-linux-gnu/libXrender.so.1.3.0
7f22cf461000-7f22cf462000 rw-p 00009000 08:01 5905321                    /usr/lib/x86_64-linux-gnu/libXrender.so.1.3.0
7f22cf462000-7f22cf591000 r-xp 00000000 08:01 5905286                    /usr/lib/x86_64-linux-gnu/libX11.so.6.3.0
7f22cf591000-7f22cf791000 ---p 0012f000 08:01 5905286                    /usr/lib/x86_64-linux-gnu/libX11.so.6.3.0
7f22cf791000-7f22cf792000 r--p 0012f000 08:01 5905286                    /usr/lib/x86_64-linux-gnu/libX11.so.6.3.0
7f22cf792000-7f22cf796000 rw-p 00130000 08:01 5905286                    /usr/lib/x86_64-linux-gnu/libX11.so.6.3.0
7f22cf796000-7f22cf7a6000 r-xp 00000000 08:01 5905301                    /usr/lib/x86_64-linux-gnu/libXext.so.6.4.0
7f22cf7a6000-7f22cf9a5000 ---p 00010000 08:01 5905301                    /usr/lib/x86_64-linux-gnu/libXext.so.6.4.0
7f22cf9a5000-7f22cf9a6000 r--p 0000f000 08:01 5905301                    /usr/lib/x86_64-linux-gnu/libXext.so.6.4.0
7f22cf9a6000-7f22cf9a7000 rw-p 00010000 08:01 5905301                    /usr/lib/x86_64-linux-gnu/libXext.so.6.4.0
7f22cf9a7000-7f22cf9f2000 r-xp 00000000 08:01 9179559                    /usr/lib/jvm/java-6-openjdk-amd64/jre/lib/amd64/xawt/libmawt.so
7f22cf9f2000-7f22cfbf2000 ---p 0004b000 08:01 9179559                    /usr/lib/jvm/java-6-openjdk-amd64/jre/lib/amd64/xawt/libmawt.so
7f22cfbf2000-7f22cfbf3000 r--p 0004b000 08:01 9179559                    /usr/lib/jvm/java-6-openjdk-amd64/jre/lib/amd64/xawt/libmawt.so
7f22cfbf3000-7f22cfbf6000 rw-p 0004c000 08:01 9179559                    /usr/lib/jvm/java-6-openjdk-amd64/jre/lib/amd64/xawt/libmawt.so
7f22cfbf6000-7f22cfbf7000 rw-p 00000000 00:00 0 
7f22cfbf7000-7f22cfca3000 r-xp 00000000 08:01 9183871                    /usr/lib/jvm/java-6-openjdk-amd64/jre/lib/amd64/libawt.so
7f22cfca3000-7f22cfea3000 ---p 000ac000 08:01 9183871                    /usr/lib/jvm/java-6-openjdk-amd64/jre/lib/amd64/libawt.so
7f22cfea3000-7f22cfea4000 r--p 000ac000 08:01 9183871                    /usr/lib/jvm/java-6-openjdk-amd64/jre/lib/amd64/libawt.so
7f22cfea4000-7f22cfeaf000 rw-p 000ad000 08:01 9183871                    /usr/lib/jvm/java-6-openjdk-amd64/jre/lib/amd64/libawt.so
7f22cfeaf000-7f22cfed4000 rw-p 00000000 00:00 0 
7f22cfed4000-7f22cfef8000 r--s 001aa000 08:01 12977951                   /home/mogoodrich/.m2/repository/com/google/guava/guava/13.0.1/guava-13.0.1.jar
7f22cfef8000-7f22cfefb000 r--s 00008000 08:01 9965768                    /home/mogoodrich/.m2/repository/org/openmrs/module/calculation-api/1.0/calculation-api-1.0.jar
7f22cfefb000-7f22cff04000 r--s 0007f000 08:01 6304364                    /home/mogoodrich/.m2/repository/org/quartz-scheduler/quartz/2.1.1/quartz-2.1.1.jar
7f22cff04000-7f22cff17000 r--s 000a4000 08:01 14550295                   /home/mogoodrich/.m2/repository/org/openmrs/module/reporting-api/0.7.5/reporting-api-0.7.5.jar
7f22cff17000-7f22cff1a000 r--s 0000d000 08:01 14418301                   /home/mogoodrich/.m2/repository/org/openmrs/module/providermanagement-api/1.1.3/providermanagement-api-1.1.3.jar
7f22cff1a000-7f22cff1c000 r--s 00008000 08:01 14421320                   /home/mogoodrich/.m2/repository/org/joda/joda-convert/1.2/joda-convert-1.2.jar
7f22cff1c000-7f22cff21000 r--s 00049000 08:01 14423099                   /home/mogoodrich/.m2/repository/org/openmrs/module/htmlformentry-api/2.1-SNAPSHOT/htmlformentry-api-2.1-SNAPSHOT.jar
7f22cff21000-7f22cff24000 r--s 0000a000 08:01 9575600                    /home/mogoodrich/.m2/repository/org/openmrs/module/idgen-api/2.4/idgen-api-2.4.jar
7f22cff24000-7f22cff2a000 r--s 00033000 08:01 10747927                   /home/mogoodrich/.m2/repository/commons-codec/commons-codec/1.6/commons-codec-1.6.jar
7f22cff47000-7f22cff49000 r--s 00009000 08:01 9832201                    /home/mogoodrich/.m2/repository/org/hamcrest/hamcrest-core/1.3/hamcrest-core-1.3.jar
7f22cff49000-7f22cff4a000 r--s 0000c000 08:01 9832189                    /home/mogoodrich/.m2/repository/org/hamcrest/hamcrest-library/1.3/hamcrest-library-1.3.jar
7f22cff4a000-7f22cff4d000 r--s 0000a000 08:01 10094538                   /home/mogoodrich/.m2/repository/org/openmrs/module/serialization.xstream-api/0.2.7/serialization.xstream-api-0.2.7.jar
7f22cff4d000-7f22cff4f000 r--s 00006000 08:01 9836373                    /home/mogoodrich/.m2/repository/org/openmrs/module/emrapi-api/1.0-SNAPSHOT/emrapi-api-1.0-SNAPSHOT.jar
7f22cff4f000-7f22cff55000 r--s 00045000 08:01 10750448                   /home/mogoodrich/.m2/repository/org/hamcrest/hamcrest-all/1.3/hamcrest-all-1.3.jar
7f22cff55000-7f22cff57000 r--s 00003000 08:01 12845602                   /home/mogoodrich/.m2/repository/org/powermock/powermock-api-support/1.4.12/powermock-api-support-1.4.12.jar
7f22cff57000-7f22cff59000 r--s 0000b000 08:01 12845599                   /home/mogoodrich/.m2/repository/org/powermock/powermock-api-mockito/1.4.12/powermock-api-mockito-1.4.12.jar
7f22cff59000-7f22cff62000 r--s 00098000 08:01 12845591                   /home/mogoodrich/.m2/repository/org/javassist/javassist/3.16.1-GA/javassist-3.16.1-GA.jar
7f22cff62000-7f22cff64000 r--s 00007000 08:01 9699772                    /home/mogoodrich/.m2/repository/org/objenesis/objenesis/1.2/objenesis-1.2.jar
7f22cff64000-7f22cff66000 r--s 00009000 08:01 12845594                   /home/mogoodrich/.m2/repository/org/powermock/powermock-reflect/1.4.12/powermock-reflect-1.4.12.jar
7f22cff66000-7f22cff68000 r--s 0000d000 08:01 9832084                    /home/mogoodrich/.m2/repository/commons-logging/commons-logging/1.1.1/commons-logging-1.1.1.jar
7f22cff68000-7f22cff6e000 r--s 00031000 08:01 10491075                   /home/mogoodrich/.m2/repository/org/apache/httpcomponents/httpcore/4.2/httpcore-4.2.jar
7f22cff6e000-7f22cff77000 r--s 0005f000 08:01 10491076                   /home/mogoodrich/.m2/repository/org/apache/httpcomponents/httpclient/4.2/httpclient-4.2.jar
7f22cff77000-7f22cff78000 r--s 00003000 08:01 12980273                   /home/mogoodrich/.m2/repository/org/openmrs/module/appframework-api/1.4/appframework-api-1.4.jar
7f22cff78000-7f22cff88000 r--s 0007d000 08:01 6961907                    /home/mogoodrich/.m2/repository/joda-time/joda-time/2.2/joda-time-2.2.jar
7f22cff88000-7f22cff8b000 r--s 00012000 08:01 12845590                   /home/mogoodrich/.m2/repository/org/powermock/powermock-core/1.4.12/powermock-core-1.4.12.jar
7f22cff8b000-7f22cff8c000 r--s 00002000 08:01 9699823                    /home/mogoodrich/.m2/repository/org/powermock/powermock-module-junit4-common/1.4.10/powermock-module-junit4-common-1.4.10.jar
7f22cff8c000-7f22cff8e000 r--s 00004000 08:01 9699755                    /home/mogoodrich/.m2/repository/org/powermock/powermock-module-junit4/1.4.10/powermock-module-junit4-1.4.10.jar
7f22cff8e000-7f22cffad000 r--s 0014f000 08:01 12059736                   /home/mogoodrich/.m2/repository/org/mockito/mockito-all/1.9.0/mockito-all-1.9.0.jar
7f22cffad000-7f22cffb0000 r--s 00015000 08:01 9699814                    /home/mogoodrich/.m2/repository/xmlunit/xmlunit/1.3/xmlunit-1.3.jar
7f22cffb0000-7f22cffba000 r--s 00085000 08:01 9699782                    /home/mogoodrich/.m2/repository/org/dbunit/dbunit/2.4.7/dbunit-2.4.7.jar
7f22cffba000-7f22cffc4000 r--s 0011a000 08:01 9699764                    /home/mogoodrich/.m2/repository/com/h2database/h2/1.2.135/h2-1.2.135.jar
7f22cffc4000-7f22cffca000 r--s 00078000 08:01 9699749                    /home/mogoodrich/.m2/repository/org/apache/derby/derbyclient/10.4.2.0/derbyclient-10.4.2.0.jar
7f22cffca000-7f22cffcd000 r--s 00012000 08:01 9699885                    /home/mogoodrich/.m2/repository/org/databene/databene-gui/0.1.9/databene-gui-0.1.9.jar
7f22cffcd000-7f22cffdc000 r--s 000b7000 08:01 9439776                    /home/mogoodrich/.m2/repository/org/freemarker/freemarker/2.3.9/freemarker-2.3.9.jar
7f22cffdc000-7f22cfff7000 r--s 00142000 08:01 9961701                    /home/mogoodrich/.m2/repository/org/apache/poi/poi/3.2-FINAL/poi-3.2-FINAL.jar
7f22cfff7000-7f22d0000000 r--s 0004d000 08:01 9699873                    /home/mogoodrich/.m2/repository/org/databene/databene-commons/0.4.9/databene-commons-0.4.9.jar
7f22d0000000-7f22d0021000 rw-p 00000000 00:00 0 
7f22d0021000-7f22d4000000 ---p 00000000 00:00 0 
7f22d4000000-7f22d4021000 rw-p 00000000 00:00 0 
7f22d4021000-7f22d8000000 ---p 00000000 00:00 0 
7f22d8000000-7f22d8021000 rw-p 00000000 00:00 0 
7f22d8021000-7f22dc000000 ---p 00000000 00:00 0 
7f22dc000000-7f22dc005000 r--s 00024000 08:01 9836393                    /home/mogoodrich/.m2/repository/org/openmrs/module/uiframework-api/2.5.1/uiframework-api-2.5.1.jar
7f22dc005000-7f22dc008000 r--s 00017000 08:01 9439709                    /home/mogoodrich/.m2/repository/org/databene/databene-webdecs/0.4.9/databene-webdecs-0.4.9.jar
7f22dc008000-7f22dc018000 r--s 00139000 08:01 9307649                    /home/mogoodrich/.m2/repository/org/databene/databene-benerator/0.5.9/databene-benerator-0.5.9.jar
7f22dc018000-7f22dc049000 rw-p 00000000 00:00 0 
7f22dc049000-7f22dc05e000 r-xp 00000000 08:01 9183862                    /usr/lib/jvm/java-6-openjdk-amd64/jre/lib/amd64/libnet.so
7f22dc05e000-7f22dc25d000 ---p 00015000 08:01 9183862                    /usr/lib/jvm/java-6-openjdk-amd64/jre/lib/amd64/libnet.so
7f22dc25d000-7f22dc25e000 r--p 00014000 08:01 9183862                    /usr/lib/jvm/java-6-openjdk-amd64/jre/lib/amd64/libnet.so
7f22dc25e000-7f22dc25f000 rw-p 00015000 08:01 9183862                    /usr/lib/jvm/java-6-openjdk-amd64/jre/lib/amd64/libnet.so
7f22dc25f000-7f22dc265000 r--s 00034000 08:01 9699808                    /home/mogoodrich/.m2/repository/junit/junit/4.8.1/junit-4.8.1.jar
7f22dc265000-7f22dc26b000 r--s 0002d000 08:01 9699905                    /home/mogoodrich/.m2/repository/org/springframework/spring-test/3.0.5.RELEASE/spring-test-3.0.5.RELEASE.jar
7f22dc26b000-7f22dc26e000 r--s 0001b000 08:01 9699867                    /home/mogoodrich/.m2/repository/org/apache/struts/struts-tiles/1.3.8/struts-tiles-1.3.8.jar
7f22dc26e000-7f22dc273000 r--s 00039000 08:01 9699844                    /home/mogoodrich/.m2/repository/org/apache/struts/struts-taglib/1.3.8/struts-taglib-1.3.8.jar
7f22dc273000-7f22dc279000 r--s 0004b000 08:01 9699802                    /home/mogoodrich/.m2/repository/org/apache/struts/struts-core/1.3.8/struts-core-1.3.8.jar
7f22dc279000-7f22dc27b000 r--s 00005000 08:01 9699777                    /home/mogoodrich/.m2/repository/sslext/sslext/1.2-0/sslext-1.2-0.jar
7f22dc27b000-7f22dc27d000 r--s 0000e000 08:01 9571129                    /home/mogoodrich/.m2/repository/oro/oro/2.0.8/oro-2.0.8.jar
7f22dc27d000-7f22dc280000 r--s 0001f000 08:01 9699745                    /home/mogoodrich/.m2/repository/commons-validator/commons-validator/1.3.1/commons-validator-1.3.1.jar
7f22dc280000-7f22dc282000 r--s 00014000 08:01 9699754                    /home/mogoodrich/.m2/repository/commons-chain/commons-chain/1.1/commons-chain-1.1.jar
7f22dc282000-7f22dc286000 r--s 00020000 08:01 9699735                    /home/mogoodrich/.m2/repository/commons-digester/commons-digester/1.8/commons-digester-1.8.jar
7f22dc286000-7f22dc28c000 r--s 0004f000 08:01 9699838                    /home/mogoodrich/.m2/repository/org/apache/velocity/velocity-tools/2.0/velocity-tools-2.0.jar
7f22dc28c000-7f22dc296000 r--s 0006d000 08:01 9699837                    /home/mogoodrich/.m2/repository/org/codehaus/jackson/jackson-mapper-asl/1.5.0/jackson-mapper-asl-1.5.0.jar
7f22dc296000-7f22dc299000 r--s 00027000 08:01 9699783                    /home/mogoodrich/.m2/repository/org/codehaus/jackson/jackson-core-asl/1.5.0/jackson-core-asl-1.5.0.jar
7f22dc299000-7f22dc29a000 r--s 00001000 08:01 9699879                    /home/mogoodrich/.m2/repository/taglibs/page/1.0.1/page-1.0.1.jar
7f22dc29a000-7f22dc2a3000 r--s 00058000 08:01 9699864                    /home/mogoodrich/.m2/repository/taglibs/standard/1.1.2/standard-1.1.2.jar
7f22dc2a3000-7f22dc2a5000 r--s 00005000 08:01 9699831                    /home/mogoodrich/.m2/repository/taglibs/response/1.0.1/response-1.0.1.jar
7f22dc2a5000-7f22dc2a7000 r--s 00008000 08:01 9699769                    /home/mogoodrich/.m2/repository/taglibs/request/1.0.1/request-1.0.1.jar
7f22dc2a7000-7f22dc2aa000 r--s 00048000 08:01 9699796                    /home/mogoodrich/.m2/repository/net/sourceforge/jtds/jtds/1.2.4/jtds-1.2.4.jar
7f22dc2aa000-7f22dc2b0000 r--s 0007e000 08:01 9699738                    /home/mogoodrich/.m2/repository/postgresql/postgresql/9.0-801.jdbc4/postgresql-9.0-801.jdbc4.jar
7f22dc2b0000-7f22dc2b7000 r--s 000aa000 08:01 9699787                    /home/mogoodrich/.m2/repository/mysql/mysql-connector-java/5.1.8/mysql-connector-java-5.1.8.jar
7f22dc2b7000-7f22dc2bd000 r--s 00046000 08:01 9568549                    /home/mogoodrich/.m2/repository/jfree/jcommon/1.0.15/jcommon-1.0.15.jar
7f22dc2bd000-7f22dc2cd000 r--s 0013f000 08:01 9568497                    /home/mogoodrich/.m2/repository/jfree/jfreechart/1.0.12/jfreechart-1.0.12.jar
7f22dc2cd000-7f22dc2cf000 r--s 0000d000 08:01 9699893                    /home/mogoodrich/.m2/repository/org/springframework/spring-oxm/3.0.5.RELEASE/spring-oxm-3.0.5.RELEASE.jar
7f22dc2cf000-7f22dc2d2000 r--s 00016000 08:01 9699902                    /home/mogoodrich/.m2/repository/org/springframework/spring-context-support/3.0.5.RELEASE/spring-context-support-3.0.5.RELEASE.jar
7f22dc2d2000-7f22dc2db000 r--s 0005e000 08:01 9699899                    /home/mogoodrich/.m2/repository/org/springframework/spring-webmvc/3.0.5.RELEASE/spring-webmvc-3.0.5.RELEASE.jar
7f22dc2db000-7f22dc2e5000 r--s 00057000 08:01 9699896                    /home/mogoodrich/.m2/repository/org/springframework/spring-web/3.0.5.RELEASE/spring-web-3.0.5.RELEASE.jar
7f22dc2e5000-7f22dc2e6000 r--s 0000a000 08:01 9699834                    /home/mogoodrich/.m2/repository/net/sf/saxon/saxon-dom/8.7/saxon-dom-8.7.jar
7f22dc2e6000-7f22dc2f8000 r--s 0030c000 08:01 9699740                    /home/mogoodrich/.m2/repository/net/sf/saxon/saxon/8.7/saxon-8.7.jar
7f22dc2f8000-7f22dc2fb000 r--s 0000c000 08:01 9699739                    /home/mogoodrich/.m2/repository/commons-fileupload/commons-fileupload/1.2.1/commons-fileupload-1.2.1.jar
7f22dc2fb000-7f22dc305000 r--s 00072000 08:01 9568503                    /home/mogoodrich/.m2/repository/org/openmrs/directwebremoting/dwr/2.0.5-mod/dwr-2.0.5-mod.jar
7f22dc305000-7f22dc307000 r--s 00004000 08:01 9699855                    /home/mogoodrich/.m2/repository/javax/servlet/jstl/1.1.2/jstl-1.1.2.jar
7f22dc307000-7f22dc309000 r--s 0000b000 08:01 9568561                    /home/mogoodrich/.m2/repository/javax/servlet/jsp-api/2.0/jsp-api-2.0.jar
7f22dc309000-7f22dc30b000 r--s 00018000 08:01 9699746                    /home/mogoodrich/.m2/repository/javax/servlet/servlet-api/2.5/servlet-api-2.5.jar
7f22dc30b000-7f22dc317000 r--s 000ca000 08:01 14030075                   /home/mogoodrich/.m2/repository/org/openmrs/web/openmrs-web/1.9.3/openmrs-web-1.9.3.jar
7f22dc317000-7f22dc322000 r--s 001e9000 08:01 14030080                   /home/mogoodrich/.m2/repository/org/openmrs/api/openmrs-api/1.9.3/openmrs-api-1.9.3-tests.jar
7f22dc322000-7f22dc324000 r--s 0000d000 08:01 9699793                    /home/mogoodrich/.m2/repository/xml-resolver/xml-resolver/1.1/xml-resolver-1.1.jar
7f22dc324000-7f22dc325000 r--s 00000000 08:01 9699859                    /home/mogoodrich/.m2/repository/org/openmrs/liquibase/ext/type-converter/1.0.1/type-converter-1.0.1.jar
7f22dc325000-7f22dc327000 r--s 00000000 08:01 9699826                    /home/mogoodrich/.m2/repository/org/openmrs/liquibase/ext/identity-insert/1.2.1/identity-insert-1.2.1.jar
7f22dc327000-7f22dc329000 r--s 00001000 08:01 9699761                    /home/mogoodrich/.m2/repository/org/openmrs/liquibase/ext/modify-column/2.0.2/modify-column-2.0.2.jar
7f22dc329000-7f22dc33a000 r--s 000d2000 08:01 9702902                    /home/mogoodrich/.m2/repository/org/liquibase/liquibase-core/2.0.5/liquibase-core-2.0.5.jar
7f22dc33a000-7f22dc33c000 r--s 00005000 08:01 9832626                    /home/mogoodrich/.m2/repository/xpp3/xpp3_min/1.1.4c/xpp3_min-1.1.4c.jar
7f22dc33c000-7f22dc33d000 r--s 00001000 08:01 14818213                   /home/mogoodrich/.m2/repository/xmlpull/xmlpull/1.1.3.1/xmlpull-1.1.3.1.jar
7f22dc33d000-7f22dc349000 r--s 0006a000 08:01 14818214                   /home/mogoodrich/.m2/repository/com/thoughtworks/xstream/xstream/1.4.3/xstream-1.4.3.jar
7f22dc349000-7f22dc34a000 r--s 00002000 08:01 9699870                    /home/mogoodrich/.m2/repository/org/slf4j/slf4j-log4j12/1.6.0/slf4j-log4j12-1.6.0.jar
7f22dc34a000-7f22dc34c000 r--s 00003000 08:01 9699851                    /home/mogoodrich/.m2/repository/org/slf4j/jcl-over-slf4j/1.6.0/jcl-over-slf4j-1.6.0.jar
7f22dc34c000-7f22dc359000 r--s 00092000 08:01 9571107                    /home/mogoodrich/.m2/repository/net/sf/ehcache/ehcache-core/2.2.0/ehcache-core-2.2.0.jar
7f22dc359000-7f22dc361000 r--s 00028000 08:01 9568500                    /home/mogoodrich/.m2/repository/xml-apis/xml-apis/1.3.03/xml-apis-1.3.03.jar
7f22dc361000-7f22dc363000 r--s 00001000 08:01 9571214                    /home/mogoodrich/.m2/repository/org/hibernate/hibernate-ehcache/3.6.0.Final/hibernate-ehcache-3.6.0.Final.jar
7f22dc363000-7f22dc36e000 r--s 0008a000 08:01 9439750                    /home/mogoodrich/.m2/repository/c3p0/c3p0/0.9.1/c3p0-0.9.1.jar
7f22dc36e000-7f22dc36f000 r--s 00001000 08:01 9571157                    /home/mogoodrich/.m2/repository/org/hibernate/hibernate-c3p0/3.6.0.Final/hibernate-c3p0-3.6.0.Final.jar
7f22dc36f000-7f22dc370000 r--s 00003000 08:01 9571143                    /home/mogoodrich/.m2/repository/javax/transaction/jta/1.1/jta-1.1.jar
7f22dc370000-7f22dc375000 r--s 00014000 08:01 9571147                    /home/mogoodrich/.m2/repository/org/hibernate/javax/persistence/hibernate-jpa-2.0-api/1.0.0.Final/hibernate-jpa-2.0-api-1.0.0.Final.jar
7f22dc375000-7f22dc377000 r--s 00005000 08:01 9699809                    /home/mogoodrich/.m2/repository/org/slf4j/slf4j-api/1.6.0/slf4j-api-1.6.0.jar
7f22dc377000-7f22dc37a000 r--s 0000f000 08:01 9571115                    /home/mogoodrich/.m2/repository/org/hibernate/hibernate-commons-annotations/3.2.0.Final/hibernate-commons-annotations-3.2.0.Final.jar
7f22dc37a000-7f22dc37f000 r--s 00048000 08:01 9439752                    /home/mogoodrich/.m2/repository/dom4j/dom4j/1.6.1/dom4j-1.6.1.jar
7f22dc37f000-7f22dc3b1000 r--s 002c8000 08:01 9571113                    /home/mogoodrich/.m2/repository/org/openmrs/hibernate/hibernate-core/3.6.5.Final-mod/hibernate-core-3.6.5.Final-mod.jar
7f22dc3b1000-7f22dc3ba000 r--s 00095000 08:01 9568986                    /home/mogoodrich/.m2/repository/javassist/javassist/3.12.1.GA/javassist-3.12.1.GA.jar
7f22dc3ba000-7f22dc3bd000 r--s 00029000 08:01 9439805                    /home/mogoodrich/.m2/repository/stax/stax/1.2.0/stax-1.2.0.jar
7f22dc3bd000-7f22dc3bf000 r--s 00005000 08:01 9439774                    /home/mogoodrich/.m2/repository/stax/stax-api/1.0.1/stax-api-1.0.1.jar
7f22dc3bf000-7f22dc3c5000 r--s 00028000 08:01 9439753                    /home/mogoodrich/.m2/repository/org/openmrs/simpleframework/simple-xml/1.6.1-mod/simple-xml-1.6.1-mod.jar
7f22dc3c5000-7f22dc3dc000 r--s 00110000 08:01 9699803                    /home/mogoodrich/.m2/repository/xerces/xercesImpl/2.8.0/xercesImpl-2.8.0.jar
7f22dc3dc000-7f22dc44b000 r--s 00494000 08:01 9439788                    /home/mogoodrich/.m2/repository/ca/uhn/hapi/hapi/0.5/hapi-0.5.jar
7f22dc44b000-7f22dc451000 r--s 00049000 08:01 9571146                    /home/mogoodrich/.m2/repository/cglib/cglib-nodep/2.2/cglib-nodep-2.2.jar
7f22dc451000-7f22dc452000 r--s 00008000 08:01 9571184                    /home/mogoodrich/.m2/repository/asm/asm-util/2.2.3/asm-util-2.2.3.jar
7f22dc452000-7f22dc453000 r--s 00008000 08:01 9571173                    /home/mogoodrich/.m2/repository/asm/asm/2.2.3/asm-2.2.3.jar
7f22dc453000-7f22dc454000 r--s 00003000 08:01 9571162                    /home/mogoodrich/.m2/repository/asm/asm-tree/2.2.3/asm-tree-2.2.3.jar
7f22dc454000-7f22dc459000 r--s 00068000 08:01 9176781                    /home/mogoodrich/.m2/repository/antlr/antlr/2.7.7/antlr-2.7.7.jar
7f22dc459000-7f22dc45c000 r--s 00022000 08:01 9571165                    /home/mogoodrich/.m2/repository/org/antlr/stringtemplate/3.2.1/stringtemplate-3.2.1.jar
7f22dc45c000-7f22dc460000 r--s 00025000 08:01 9571137                    /home/mogoodrich/.m2/repository/org/antlr/antlr-runtime/3.4/antlr-runtime-3.4.jar
7f22dc460000-7f22dc467000 r--s 00032000 08:01 9571225                    /home/mogoodrich/.m2/repository/org/springframework/spring-tx/3.0.5.RELEASE/spring-tx-3.0.5.RELEASE.jar
7f22dc467000-7f22dc471000 r--s 00055000 08:01 9571220                    /home/mogoodrich/.m2/repository/org/springframework/spring-jdbc/3.0.5.RELEASE/spring-jdbc-3.0.5.RELEASE.jar
7f22dc471000-7f22dc479000 r--s 0004a000 08:01 9571211                    /home/mogoodrich/.m2/repository/org/springframework/spring-orm/3.0.5.RELEASE/spring-orm-3.0.5.RELEASE.jar
7f22dc479000-7f22dc47d000 r--s 00026000 08:01 9571208                    /home/mogoodrich/.m2/repository/org/springframework/spring-expression/3.0.5.RELEASE/spring-expression-3.0.5.RELEASE.jar
7f22dc47d000-7f22dc47f000 r--s 00000000 08:01 9571114                    /home/mogoodrich/.m2/repository/aopalliance/aopalliance/1.0/aopalliance-1.0.jar
7f22dc47f000-7f22dc488000 r--s 00046000 08:01 9571202                    /home/mogoodrich/.m2/repository/org/springframework/spring-aop/3.0.5.RELEASE/spring-aop-3.0.5.RELEASE.jar
7f22dc488000-7f22dc49a000 r--s 00092000 08:01 9571189                    /home/mogoodrich/.m2/repository/org/springframework/spring-context/3.0.5.RELEASE/spring-context-3.0.5.RELEASE.jar
7f22dc49a000-7f22dc4a6000 r--s 0007c000 08:01 9571170                    /home/mogoodrich/.m2/repository/org/springframework/spring-beans/3.0.5.RELEASE/spring-beans-3.0.5.RELEASE.jar
7f22dc4a6000-7f22dc4af000 r--s 00055000 08:01 9570033                    /home/mogoodrich/.m2/repository/org/springframework/spring-core/3.0.5.RELEASE/spring-core-3.0.5.RELEASE.jar
7f22dc4af000-7f22dc4b1000 r--s 0000e000 08:01 9571140                    /home/mogoodrich/.m2/repository/javax/activation/activation/1.1/activation-1.1.jar
7f22dc4b1000-7f22dc4b8000 r--s 00067000 08:01 9699784                    /home/mogoodrich/.m2/repository/javax/mail/mail/1.4.1/mail-1.4.1.jar
7f22dc4b8000-7f22dc4bf000 r--s 00059000 08:01 9439799                    /home/mogoodrich/.m2/repository/log4j/log4j/1.2.15/log4j-1.2.15.jar
7f22dc4bf000-7f22dc4c3000 r--s 0003c000 08:01 9439756                    /home/mogoodrich/.m2/repository/commons-lang/commons-lang/2.4/commons-lang-2.4.jar
7f22dc4c3000-7f22dc4cb000 r--s 0005f000 08:01 9571120                    /home/mogoodrich/.m2/repository/org/apache/velocity/velocity/1.6.2/velocity-1.6.2.jar
7f22dc4cb000-7f22dc4d4000 r--s 00062000 08:01 9571096                    /home/mogoodrich/.m2/repository/org/azeckoski/reflectutils/0.9.14/reflectutils-0.9.14.jar
7f22dc4d4000-7f22dc4d9000 r--s 0002a000 08:01 9568540                    /home/mogoodrich/.m2/repository/commons-beanutils/commons-beanutils/1.7.0/commons-beanutils-1.7.0.jar
7f22dc4d9000-7f22dc4df000 r--s 00048000 08:01 9571132                    /home/mogoodrich/.m2/repository/org/apache/commons/commons-lang3/3.1/commons-lang3-3.1.jar
7f22dc4df000-7f22dc4ec000 r--s 0007f000 08:01 9439772                    /home/mogoodrich/.m2/repository/commons-collections/commons-collections/3.2/commons-collections-3.2.jar
7f22dc4ec000-7f22dc502000 r--s 00197000 08:01 14030074                   /home/mogoodrich/.m2/repository/org/openmrs/api/openmrs-api/1.9.3/openmrs-api-1.9.3.jar
7f22dc502000-7f22dc50f000 r--s 00107000 08:01 6310722                    /usr/lib/jvm/java-6-openjdk-common/jre/lib/rhino.jar
7f22dc50f000-7f22dc515000 r--s 000fc000 08:01 6310836                    /usr/lib/jvm/java-6-openjdk-common/jre/lib/resources.jar
7f22dc515000-7f22dc518000 ---p 00000000 00:00 0 
7f22dc518000-7f22dc616000 rw-p 00000000 00:00 0 
7f22dc616000-7f22dc617000 r-xp 00000000 08:01 6688676                    /opt/IDEA/idea-IU-123.72/bin/libbreakgen64.so
7f22dc617000-7f22dc816000 ---p 00001000 08:01 6688676                    /opt/IDEA/idea-IU-123.72/bin/libbreakgen64.so
7f22dc816000-7f22dc817000 r--p 00000000 08:01 6688676                    /opt/IDEA/idea-IU-123.72/bin/libbreakgen64.so
7f22dc817000-7f22dc818000 rw-p 00001000 08:01 6688676                    /opt/IDEA/idea-IU-123.72/bin/libbreakgen64.so
7f22dc818000-7f22dc819000 ---p 00000000 00:00 0 
7f22dc819000-7f22dc919000 rw-p 00000000 00:00 0 
7f22dc919000-7f22dd000000 r--p 00000000 08:01 5904698                    /usr/lib/locale/locale-archive
7f22dd000000-7f22dd7d0000 rwxp 00000000 00:00 0 
7f22dd7d0000-7f22e0c47000 rw-p 00000000 00:00 0 
7f22e0c47000-7f22e4000000 ---p 00000000 00:00 0 
7f22e4000000-7f22e4001000 r--s 00003000 08:01 9571124                    /home/mogoodrich/.m2/repository/asm/asm-commons/2.2.3/asm-commons-2.2.3.jar
7f22e4001000-7f22e4004000 r--s 00018000 08:01 9568519                    /home/mogoodrich/.m2/repository/commons-io/commons-io/1.4/commons-io-1.4.jar
7f22e4004000-7f22e4007000 ---p 00000000 00:00 0 
7f22e4007000-7f22e4105000 rw-p 00000000 00:00 0 
7f22e4105000-7f22e4108000 ---p 00000000 00:00 0 
7f22e4108000-7f22e4206000 rw-p 00000000 00:00 0 
7f22e4206000-7f22e4209000 ---p 00000000 00:00 0 
7f22e4209000-7f22e4307000 rw-p 00000000 00:00 0 
7f22e4307000-7f22e430a000 ---p 00000000 00:00 0 
7f22e430a000-7f22e4408000 rw-p 00000000 00:00 0 
7f22e4408000-7f22e440b000 ---p 00000000 00:00 0 
7f22e440b000-7f22e4509000 rw-p 00000000 00:00 0 
7f22e4509000-7f22e450c000 ---p 00000000 00:00 0 
7f22e450c000-7f22e460a000 rw-p 00000000 00:00 0 
7f22e460a000-7f22e460b000 ---p 00000000 00:00 0 
7f22e460b000-7f22e4c43000 rw-p 00000000 00:00 0 
7f22e4c43000-7f22e4dd5000 r--s 037d5000 08:01 9183388                    /usr/lib/jvm/java-6-openjdk-amd64/jre/lib/rt.jar
7f22e4dd5000-7f22e4dfd000 rw-p 00000000 00:00 0 
7f22e4dfd000-7f22e4dfe000 ---p 00000000 00:00 0 
7f22e4dfe000-7f22e4efe000 rw-p 00000000 00:00 0 
7f22e4efe000-7f22e4eff000 ---p 00000000 00:00 0 
7f22e4eff000-7f22e4fff000 rw-p 00000000 00:00 0 
7f22e4fff000-7f22e5000000 ---p 00000000 00:00 0 
7f22e5000000-7f22e5100000 rw-p 00000000 00:00 0 
7f22e5100000-7f22e5101000 ---p 00000000 00:00 0 
7f22e5101000-7f22e5229000 rw-p 00000000 00:00 0 
7f22e5229000-7f22e5254000 rw-p 00000000 00:00 0 
7f22e5254000-7f22e5280000 rw-p 00000000 00:00 0 
7f22e5280000-7f22e54dd000 rw-p 00000000 00:00 0 
7f22e54dd000-7f22e5505000 rw-p 00000000 00:00 0 
7f22e5505000-7f22e5530000 rw-p 00000000 00:00 0 
7f22e5530000-7f22e555c000 rw-p 00000000 00:00 0 
7f22e555c000-7f22e57b8000 rw-p 00000000 00:00 0 
7f22e57b8000-7f22e587f000 rw-p 00000000 00:00 0 
7f22e587f000-7f22e5888000 ---p 00000000 00:00 0 
7f22e5888000-7f22e58fd000 rw-p 00000000 00:00 0 
7f22e58fd000-7f22e58fe000 rw-p 00000000 00:00 0 
7f22e58fe000-7f22e5905000 r-xp 00000000 08:01 9183884                    /usr/lib/jvm/java-6-openjdk-amd64/jre/lib/amd64/libzip.so
7f22e5905000-7f22e5b04000 ---p 00007000 08:01 9183884                    /usr/lib/jvm/java-6-openjdk-amd64/jre/lib/amd64/libzip.so
7f22e5b04000-7f22e5b05000 r--p 00006000 08:01 9183884                    /usr/lib/jvm/java-6-openjdk-amd64/jre/lib/amd64/libzip.so
7f22e5b05000-7f22e5b06000 rw-p 00007000 08:01 9183884                    /usr/lib/jvm/java-6-openjdk-amd64/jre/lib/amd64/libzip.so
7f22e5b06000-7f22e5b12000 r-xp 00000000 08:01 10359708                   /lib/x86_64-linux-gnu/libnss_files-2.15.so
7f22e5b12000-7f22e5d11000 ---p 0000c000 08:01 10359708                   /lib/x86_64-linux-gnu/libnss_files-2.15.so
7f22e5d11000-7f22e5d12000 r--p 0000b000 08:01 10359708                   /lib/x86_64-linux-gnu/libnss_files-2.15.so
7f22e5d12000-7f22e5d13000 rw-p 0000c000 08:01 10359708                   /lib/x86_64-linux-gnu/libnss_files-2.15.so
7f22e5d13000-7f22e5d1d000 r-xp 00000000 08:01 10359704                   /lib/x86_64-linux-gnu/libnss_nis-2.15.so
7f22e5d1d000-7f22e5f1d000 ---p 0000a000 08:01 10359704                   /lib/x86_64-linux-gnu/libnss_nis-2.15.so
7f22e5f1d000-7f22e5f1e000 r--p 0000a000 08:01 10359704                   /lib/x86_64-linux-gnu/libnss_nis-2.15.so
7f22e5f1e000-7f22e5f1f000 rw-p 0000b000 08:01 10359704                   /lib/x86_64-linux-gnu/libnss_nis-2.15.so
7f22e5f1f000-7f22e5f36000 r-xp 00000000 08:01 10359717                   /lib/x86_64-linux-gnu/libnsl-2.15.so
7f22e5f36000-7f22e6135000 ---p 00017000 08:01 10359717                   /lib/x86_64-linux-gnu/libnsl-2.15.so
7f22e6135000-7f22e6136000 r--p 00016000 08:01 10359717                   /lib/x86_64-linux-gnu/libnsl-2.15.so
7f22e6136000-7f22e6137000 rw-p 00017000 08:01 10359717                   /lib/x86_64-linux-gnu/libnsl-2.15.so
7f22e6137000-7f22e6139000 rw-p 00000000 00:00 0 
7f22e6139000-7f22e6141000 r-xp 00000000 08:01 10359709                   /lib/x86_64-linux-gnu/libnss_compat-2.15.so
7f22e6141000-7f22e6340000 ---p 00008000 08:01 10359709                   /lib/x86_64-linux-gnu/libnss_compat-2.15.so
7f22e6340000-7f22e6341000 r--p 00007000 08:01 10359709                   /lib/x86_64-linux-gnu/libnss_compat-2.15.so
7f22e6341000-7f22e6342000 rw-p 00008000 08:01 10359709                   /lib/x86_64-linux-gnu/libnss_compat-2.15.so
7f22e6342000-7f22e636e000 r-xp 00000000 08:01 9183870                    /usr/lib/jvm/java-6-openjdk-amd64/jre/lib/amd64/libjava.so
7f22e636e000-7f22e656d000 ---p 0002c000 08:01 9183870                    /usr/lib/jvm/java-6-openjdk-amd64/jre/lib/amd64/libjava.so
7f22e656d000-7f22e656e000 r--p 0002b000 08:01 9183870                    /usr/lib/jvm/java-6-openjdk-amd64/jre/lib/amd64/libjava.so
7f22e656e000-7f22e6571000 rw-p 0002c000 08:01 9183870                    /usr/lib/jvm/java-6-openjdk-amd64/jre/lib/amd64/libjava.so
7f22e6571000-7f22e657f000 r-xp 00000000 08:01 9183869                    /usr/lib/jvm/java-6-openjdk-amd64/jre/lib/amd64/libverify.so
7f22e657f000-7f22e677e000 ---p 0000e000 08:01 9183869                    /usr/lib/jvm/java-6-openjdk-amd64/jre/lib/amd64/libverify.so
7f22e677e000-7f22e6780000 r--p 0000d000 08:01 9183869                    /usr/lib/jvm/java-6-openjdk-amd64/jre/lib/amd64/libverify.so
7f22e6780000-7f22e6781000 rw-p 0000f000 08:01 9183869                    /usr/lib/jvm/java-6-openjdk-amd64/jre/lib/amd64/libverify.so
7f22e6781000-7f22e6788000 r-xp 00000000 08:01 10359702                   /lib/x86_64-linux-gnu/librt-2.15.so
7f22e6788000-7f22e6987000 ---p 00007000 08:01 10359702                   /lib/x86_64-linux-gnu/librt-2.15.so
7f22e6987000-7f22e6988000 r--p 00006000 08:01 10359702                   /lib/x86_64-linux-gnu/librt-2.15.so
7f22e6988000-7f22e6989000 rw-p 00007000 08:01 10359702                   /lib/x86_64-linux-gnu/librt-2.15.so
7f22e6989000-7f22e699e000 r-xp 00000000 08:01 10358290                   /lib/x86_64-linux-gnu/libgcc_s.so.1
7f22e699e000-7f22e6b9d000 ---p 00015000 08:01 10358290                   /lib/x86_64-linux-gnu/libgcc_s.so.1
7f22e6b9d000-7f22e6b9e000 r--p 00014000 08:01 10358290                   /lib/x86_64-linux-gnu/libgcc_s.so.1
7f22e6b9e000-7f22e6b9f000 rw-p 00015000 08:01 10358290                   /lib/x86_64-linux-gnu/libgcc_s.so.1
7f22e6b9f000-7f22e6c9a000 r-xp 00000000 08:01 10359706                   /lib/x86_64-linux-gnu/libm-2.15.so
7f22e6c9a000-7f22e6e99000 ---p 000fb000 08:01 10359706                   /lib/x86_64-linux-gnu/libm-2.15.so
7f22e6e99000-7f22e6e9a000 r--p 000fa000 08:01 10359706                   /lib/x86_64-linux-gnu/libm-2.15.so
7f22e6e9a000-7f22e6e9b000 rw-p 000fb000 08:01 10359706                   /lib/x86_64-linux-gnu/libm-2.15.so
7f22e6e9b000-7f22e6f7d000 r-xp 00000000 08:01 5905815                    /usr/lib/x86_64-linux-gnu/libstdc++.so.6.0.16
7f22e6f7d000-7f22e717c000 ---p 000e2000 08:01 5905815                    /usr/lib/x86_64-linux-gnu/libstdc++.so.6.0.16
7f22e717c000-7f22e7184000 r--p 000e1000 08:01 5905815                    /usr/lib/x86_64-linux-gnu/libstdc++.so.6.0.16
7f22e7184000-7f22e7186000 rw-p 000e9000 08:01 5905815                    /usr/lib/x86_64-linux-gnu/libstdc++.so.6.0.16
7f22e7186000-7f22e719b000 rw-p 00000000 00:00 0 
7f22e719b000-7f22e7aa0000 r-xp 00000000 08:01 9183874                    /usr/lib/jvm/java-6-openjdk-amd64/jre/lib/amd64/server/libjvm.so
7f22e7aa0000-7f22e7ca0000 ---p 00905000 08:01 9183874                    /usr/lib/jvm/java-6-openjdk-amd64/jre/lib/amd64/server/libjvm.so
7f22e7ca0000-7f22e7d20000 r--p 00905000 08:01 9183874                    /usr/lib/jvm/java-6-openjdk-amd64/jre/lib/amd64/server/libjvm.so
7f22e7d20000-7f22e7d3b000 rw-p 00985000 08:01 9183874                    /usr/lib/jvm/java-6-openjdk-amd64/jre/lib/amd64/server/libjvm.so
7f22e7d3b000-7f22e7d64000 rw-p 00000000 00:00 0 
7f22e7d64000-7f22e7d7a000 r-xp 00000000 08:01 10358380                   /lib/x86_64-linux-gnu/libz.so.1.2.3.4
7f22e7d7a000-7f22e7f79000 ---p 00016000 08:01 10358380                   /lib/x86_64-linux-gnu/libz.so.1.2.3.4
7f22e7f79000-7f22e7f7a000 r--p 00015000 08:01 10358380                   /lib/x86_64-linux-gnu/libz.so.1.2.3.4
7f22e7f7a000-7f22e7f7b000 rw-p 00016000 08:01 10358380                   /lib/x86_64-linux-gnu/libz.so.1.2.3.4
7f22e7f7b000-7f22e8130000 r-xp 00000000 08:01 10359600                   /lib/x86_64-linux-gnu/libc-2.15.so
7f22e8130000-7f22e832f000 ---p 001b5000 08:01 10359600                   /lib/x86_64-linux-gnu/libc-2.15.so
7f22e832f000-7f22e8333000 r--p 001b4000 08:01 10359600                   /lib/x86_64-linux-gnu/libc-2.15.so
7f22e8333000-7f22e8335000 rw-p 001b8000 08:01 10359600                   /lib/x86_64-linux-gnu/libc-2.15.so
7f22e8335000-7f22e833a000 rw-p 00000000 00:00 0 
7f22e833a000-7f22e833c000 r-xp 00000000 08:01 10359593                   /lib/x86_64-linux-gnu/libdl-2.15.so
7f22e833c000-7f22e853c000 ---p 00002000 08:01 10359593                   /lib/x86_64-linux-gnu/libdl-2.15.so
7f22e853c000-7f22e853d000 r--p 00002000 08:01 10359593                   /lib/x86_64-linux-gnu/libdl-2.15.so
7f22e853d000-7f22e853e000 rw-p 00003000 08:01 10359593                   /lib/x86_64-linux-gnu/libdl-2.15.so
7f22e853e000-7f22e8542000 r-xp 00000000 08:01 9183854                    /usr/lib/jvm/java-6-openjdk-amd64/jre/lib/amd64/jli/libjli.so
7f22e8542000-7f22e8741000 ---p 00004000 08:01 9183854                    /usr/lib/jvm/java-6-openjdk-amd64/jre/lib/amd64/jli/libjli.so
7f22e8741000-7f22e8742000 r--p 00003000 08:01 9183854                    /usr/lib/jvm/java-6-openjdk-amd64/jre/lib/amd64/jli/libjli.so
7f22e8742000-7f22e8743000 rw-p 00004000 08:01 9183854                    /usr/lib/jvm/java-6-openjdk-amd64/jre/lib/amd64/jli/libjli.so
7f22e8743000-7f22e875b000 r-xp 00000000 08:01 10359700                   /lib/x86_64-linux-gnu/libpthread-2.15.so
7f22e875b000-7f22e895a000 ---p 00018000 08:01 10359700                   /lib/x86_64-linux-gnu/libpthread-2.15.so
7f22e895a000-7f22e895b000 r--p 00017000 08:01 10359700                   /lib/x86_64-linux-gnu/libpthread-2.15.so
7f22e895b000-7f22e895c000 rw-p 00018000 08:01 10359700                   /lib/x86_64-linux-gnu/libpthread-2.15.so
7f22e895c000-7f22e8960000 rw-p 00000000 00:00 0 
7f22e8960000-7f22e8982000 r-xp 00000000 08:01 10359712                   /lib/x86_64-linux-gnu/ld-2.15.so
7f22e8982000-7f22e8984000 r--s 00009000 08:01 6310694                    /usr/lib/jvm/java-6-openjdk-common/jre/lib/javazic.jar
7f22e8984000-7f22e8987000 r--s 0007f000 08:01 6310790                    /usr/lib/jvm/java-6-openjdk-common/jre/lib/jsse.jar
7f22e8987000-7f22e8995000 r--s 00351000 08:01 6310834                    /usr/lib/jvm/java-6-openjdk-common/jre/lib/charsets.jar
7f22e8995000-7f22e8996000 r--s 00000000 08:01 6310664                    /usr/lib/jvm/java-6-openjdk-common/jre/lib/management-agent.jar
7f22e8996000-7f22e8998000 r--s 00013000 08:01 6310830                    /usr/lib/jvm/java-6-openjdk-common/jre/lib/jce.jar
7f22e8998000-7f22e8999000 r--s 00000000 08:01 6297845                    /usr/lib/jvm/java-6-openjdk-common/jre/lib/compilefontconfig.jar
7f22e8999000-7f22e899b000 r--s 0001b000 08:01 10227324                   /opt/IDEA/idea-IU-123.72/plugins/junit/lib/junit-rt.jar
7f22e899b000-7f22e899e000 r--s 0007f000 08:01 6310790                    /usr/lib/jvm/java-6-openjdk-common/jre/lib/jsse.jar
7f22e899e000-7f22e89be000 rw-p 00000000 00:00 0 
7f22e89be000-7f22e8a5e000 rw-p 00000000 00:00 0 
7f22e8a5e000-7f22e8a61000 ---p 00000000 00:00 0 
7f22e8a61000-7f22e8b64000 rw-p 00000000 00:00 0 
7f22e8b64000-7f22e8b65000 r--s 0000c000 08:01 9571150                    /home/mogoodrich/.m2/repository/org/springframework/spring-asm/3.0.5.RELEASE/spring-asm-3.0.5.RELEASE.jar
7f22e8b65000-7f22e8b67000 r--s 00013000 08:01 6688769                    /opt/IDEA/idea-IU-123.72/lib/idea_rt.jar
7f22e8b67000-7f22e8b6b000 r--s 00039000 08:01 6426812                    /usr/lib/jvm/java-6-openjdk-common/jre/lib/ext/sunpkcs11.jar
7f22e8b6b000-7f22e8b6e000 r--s 00031000 08:01 6426807                    /usr/lib/jvm/java-6-openjdk-common/jre/lib/ext/sunjce_provider.jar
7f22e8b6e000-7f22e8b70000 r--s 0000f000 08:01 6426809                    /usr/lib/jvm/java-6-openjdk-common/jre/lib/ext/pulse-java.jar
7f22e8b70000-7f22e8b73000 r--s 00077000 08:01 6429180                    /usr/lib/jvm/java-6-openjdk-common/jre/lib/ext/localedata.jar
7f22e8b73000-7f22e8b74000 r--s 00007000 08:01 6169834                    /usr/share/java/java-atk-wrapper.jar
7f22e8b74000-7f22e8b76000 r--s 00001000 08:01 6426814                    /usr/lib/jvm/java-6-openjdk-common/jre/lib/ext/dnsns.jar
7f22e8b76000-7f22e8b7e000 rw-s 00000000 08:01 2621590                    /tmp/hsperfdata_mogoodrich/11629
7f22e8b7e000-7f22e8b7f000 rw-p 00000000 00:00 0 
7f22e8b7f000-7f22e8b80000 r--p 00000000 00:00 0 
7f22e8b80000-7f22e8b82000 rw-p 00000000 00:00 0 
7f22e8b82000-7f22e8b83000 r--p 00022000 08:01 10359712                   /lib/x86_64-linux-gnu/ld-2.15.so
7f22e8b83000-7f22e8b85000 rw-p 00023000 08:01 10359712                   /lib/x86_64-linux-gnu/ld-2.15.so
7fff6ba9a000-7fff6babf000 rw-p 00000000 00:00 0                          [stack]
7fff6bbff000-7fff6bc00000 r-xp 00000000 00:00 0                          [vdso]
ffffffffff600000-ffffffffff601000 r-xp 00000000 00:00 0                  [vsyscall]

VM Arguments:
jvm_args: -ea -Didea.launcher.port=7532 -Didea.launcher.bin.path=/opt/IDEA/idea-IU-123.72/bin -Dfile.encoding=UTF-8 
java_command: com.intellij.rt.execution.application.AppMain com.intellij.rt.execution.junit.JUnitStarter -ideVersion5 @/tmp/idea_junit7215534229326165549.tmp -socket41585
Launcher Type: SUN_STANDARD

Environment Variables:
JAVA_HOME=/usr/lib/jvm/java-6-openjdk-amd64
CLASSPATH=./../lib/bootstrap.jar:./../lib/extensions.jar:./../lib/util.jar:./../lib/jdom.jar:./../lib/log4j.jar:./../lib/trove4j.jar:./../lib/jna.jar:/usr/lib/jvm/java-6-openjdk-amd64/lib/tools.jar
PATH=/usr/lib/lightdm/lightdm:/usr/local/sbin:/usr/local/bin:/usr/sbin:/usr/bin:/sbin:/bin:/usr/games
LD_LIBRARY_PATH=/usr/lib/jvm/java-6-openjdk-amd64/jre/lib/amd64/server:/usr/lib/jvm/java-6-openjdk-amd64/jre/lib/amd64:/usr/lib/jvm/java-6-openjdk-amd64/jre/../lib/amd64:.:
SHELL=/bin/bash
DISPLAY=:0

Signal Handlers:
SIGSEGV: [libjvm.so+0x785360], sa_mask[0]=0x7ffbfeff, sa_flags=0x10000004
SIGBUS: [libjvm.so+0x785360], sa_mask[0]=0x7ffbfeff, sa_flags=0x10000004
SIGFPE: [libjvm.so+0x648dc0], sa_mask[0]=0x7ffbfeff, sa_flags=0x10000004
SIGPIPE: [libjvm.so+0x648dc0], sa_mask[0]=0x7ffbfeff, sa_flags=0x10000004
SIGXFSZ: [libjvm.so+0x648dc0], sa_mask[0]=0x7ffbfeff, sa_flags=0x10000004
SIGILL: [libjvm.so+0x648dc0], sa_mask[0]=0x7ffbfeff, sa_flags=0x10000004
SIGUSR1: SIG_DFL, sa_mask[0]=0x00000000, sa_flags=0x00000000
SIGUSR2: [libjvm.so+0x648f70], sa_mask[0]=0x00000004, sa_flags=0x10000004
SIGHUP: [libjvm.so+0x64ba90], sa_mask[0]=0x7ffbfeff, sa_flags=0x10000004
SIGINT: [libjvm.so+0x64ba90], sa_mask[0]=0x7ffbfeff, sa_flags=0x10000004
SIGTERM: [libjvm.so+0x64ba90], sa_mask[0]=0x7ffbfeff, sa_flags=0x10000004
SIGQUIT: [libjvm.so+0x64ba90], sa_mask[0]=0x7ffbfeff, sa_flags=0x10000004


---------------  S Y S T E M  ---------------

OS:Ubuntu 12.04 (precise)
uname:Linux 3.2.0-38-generic #61-Ubuntu SMP Tue Feb 19 12:18:21 UTC 2013 x86_64
libc:glibc 2.15 NPTL 2.15 
rlimit: STACK 8192k, CORE 0k, NPROC 62125, NOFILE 4096, AS infinity
load average:5.07 3.15 1.78

/proc/meminfo:
MemTotal:        7969632 kB
MemFree:          437124 kB
Buffers:          218848 kB
Cached:          2179704 kB
SwapCached:        59028 kB
Active:          5025872 kB
Inactive:        1969780 kB
Active(anon):    4053476 kB
Inactive(anon):  1038340 kB
Active(file):     972396 kB
Inactive(file):   931440 kB
Unevictable:           0 kB
Mlocked:               0 kB
SwapTotal:       8177660 kB
SwapFree:        7678304 kB
Dirty:             16132 kB
Writeback:             8 kB
AnonPages:       4552588 kB
Mapped:           262128 kB
Shmem:            494632 kB
Slab:             339288 kB
SReclaimable:     292140 kB
SUnreclaim:        47148 kB
KernelStack:        6616 kB
PageTables:        60120 kB
NFS_Unstable:          0 kB
Bounce:                0 kB
WritebackTmp:          0 kB
CommitLimit:    12162476 kB
Committed_AS:    9185164 kB
VmallocTotal:   34359738367 kB
VmallocUsed:      571012 kB
VmallocChunk:   34359136312 kB
HardwareCorrupted:     0 kB
AnonHugePages:         0 kB
HugePages_Total:       0
HugePages_Free:        0
HugePages_Rsvd:        0
HugePages_Surp:        0
Hugepagesize:       2048 kB
DirectMap4k:       90112 kB
DirectMap2M:     8093696 kB


CPU:total 4 (2 cores per cpu, 2 threads per core) family 6 model 37 stepping 2, cmov, cx8, fxsr, mmx, sse, sse2, sse3, ssse3, sse4.1, sse4.2, popcnt, ht

Memory: 4k page, physical 7969632k(437124k free), swap 8177660k(7678304k free)

vm_info: OpenJDK 64-Bit Server VM (20.0-b12) for linux-amd64 JRE (1.6.0_27-b27), built on Mar  5 2013 00:27:30 by "buildd" with gcc 4.6.3

time: Fri Apr  5 11:33:58 2013
elapsed time: 222 seconds

